<?xml version="1.0" encoding="UTF-8"?>
<testng-results ignored="0" total="1" passed="1" failed="0" skipped="0">
  <reporter-output>
  </reporter-output>
  <suite started-at="2025-12-30T15:39:14 AEDT" name="Default suite" finished-at="2025-12-30T15:39:19 AEDT" duration-ms="4461">
    <groups>
    </groups>
    <test started-at="2025-12-30T15:39:14 AEDT" name="Default test" finished-at="2025-12-30T15:39:19 AEDT" duration-ms="4461">
      <class name="com.api.tests.UpdateProfileTest">
        <test-method signature="updateProfileTest()[pri:0, instance:com.api.tests.UpdateProfileTest@41e36e46]" started-at="2025-12-30T15:39:14 AEDT" name="updateProfileTest" finished-at="2025-12-30T15:39:19 AEDT" duration-ms="4401" status="PASS">
          <reporter-output>
          </reporter-output>
        </test-method> <!-- updateProfileTest -->
      </class> <!-- com.api.tests.UpdateProfileTest -->
    </test> <!-- Default test -->
  </suite> <!-- Default suite -->
</testng-results>
